{"C:\\Users\\Himantha\\src\\taskflow-frontend\\taskflow-mfe-task-management\\src\\components\\TaskForm.tsx": {"path":"C:\\Users\\Himantha\\src\\taskflow-frontend\\taskflow-mfe-task-management\\src\\components\\TaskForm.tsx","statementMap":{"0":{"start":{"line":1,"column":0},"end":{"line":1,"column":51}},"1":{"start":{"line":2,"column":0},"end":{"line":2,"column":55}},"2":{"start":{"line":4,"column":0},"end":{"line":4,"column":54}},"3":{"start":{"line":5,"column":0},"end":{"line":5,"column":69}},"4":{"start":{"line":6,"column":0},"end":{"line":6,"column":47}},"5":{"start":{"line":7,"column":0},"end":{"line":7,"column":77}},"6":{"start":{"line":8,"column":0},"end":{"line":8,"column":54}},"7":{"start":{"line":11,"column":0},"end":{"line":11,"column":26}},"8":{"start":{"line":12,"column":0},"end":{"line":12,"column":43}},"9":{"start":{"line":13,"column":0},"end":{"line":13,"column":49}},"10":{"start":{"line":14,"column":0},"end":{"line":14,"column":22}},"11":{"start":{"line":15,"column":0},"end":{"line":15,"column":25}},"12":{"start":{"line":16,"column":19},"end":{"line":16,"column":26}},"13":{"start":{"line":18,"column":42},"end":{"line":192,"column":1}},"14":{"start":{"line":18,"column":49},"end":{"line":18,"column":51}},"15":{"start":{"line":18,"column":55},"end":{"line":18,"column":57}},"16":{"start":{"line":18,"column":64},"end":{"line":18,"column":66}},"17":{"start":{"line":19,"column":19},"end":{"line":19,"column":45}},"18":{"start":{"line":20,"column":36},"end":{"line":21,"column":null}},"19":{"start":{"line":21,"column":26},"end":{"line":21,"column":null}},"20":{"start":{"line":20,"column":15},"end":{"line":20,"column":17}},"21":{"start":{"line":20,"column":24},"end":{"line":20,"column":26}},"22":{"start":{"line":20,"column":31},"end":{"line":20,"column":36}},"23":{"start":{"line":23,"column":17},"end":{"line":23,"column":32}},"24":{"start":{"line":24,"column":36},"end":{"line":24,"column":60}},"25":{"start":{"line":24,"column":18},"end":{"line":24,"column":20}},"26":{"start":{"line":24,"column":32},"end":{"line":24,"column":36}},"27":{"start":{"line":25,"column":38},"end":{"line":25,"column":58}},"28":{"start":{"line":25,"column":19},"end":{"line":25,"column":21}},"29":{"start":{"line":25,"column":34},"end":{"line":25,"column":38}},"30":{"start":{"line":27,"column":2},"end":{"line":31,"column":29}},"31":{"start":{"line":28,"column":4},"end":{"line":30,"column":5}},"32":{"start":{"line":29,"column":6},"end":{"line":29,"column":40}},"33":{"start":{"line":32,"column":2},"end":{"line":45,"column":25}},"34":{"start":{"line":33,"column":4},"end":{"line":44,"column":5}},"35":{"start":{"line":34,"column":6},"end":{"line":41,"column":9}},"36":{"start":{"line":42,"column":6},"end":{"line":42,"column":35}},"37":{"start":{"line":43,"column":6},"end":{"line":43,"column":49}},"38":{"start":{"line":47,"column":23},"end":{"line":65,"column":4}},"39":{"start":{"line":47,"column":41},"end":{"line":65,"column":4}},"40":{"start":{"line":48,"column":4},"end":{"line":48,"column":33}},"41":{"start":{"line":49,"column":4},"end":{"line":54,"column":5}},"42":{"start":{"line":50,"column":6},"end":{"line":50,"column":35}},"43":{"start":{"line":51,"column":11},"end":{"line":54,"column":5}},"44":{"start":{"line":52,"column":6},"end":{"line":52,"column":28}},"45":{"start":{"line":53,"column":6},"end":{"line":53,"column":33}},"46":{"start":{"line":55,"column":4},"end":{"line":62,"column":6}},"47":{"start":{"line":63,"column":4},"end":{"line":63,"column":23}},"48":{"start":{"line":64,"column":4},"end":{"line":64,"column":20}},"49":{"start":{"line":67,"column":27},"end":{"line":75,"column":3}},"50":{"start":{"line":68,"column":4},"end":{"line":68,"column":38}},"51":{"start":{"line":69,"column":4},"end":{"line":74,"column":6}},"52":{"start":{"line":77,"column":2},"end":{"line":191,"column":4}},"53":{"start":{"line":102,"column":60},"end":{"line":102,"column":null}},"54":{"start":{"line":157,"column":35},"end":{"line":157,"column":null}},"55":{"start":{"line":158,"column":35},"end":{"line":158,"column":null}},"56":{"start":{"line":164,"column":41},"end":{"line":168,"column":16}},"57":{"start":{"line":194,"column":0},"end":{"line":194,"column":24}}},"fnMap":{"0":{"name":"(anonymous_14)","decl":{"start":{"line":18,"column":42},"end":{"line":18,"column":43}},"loc":{"start":{"line":18,"column":66},"end":{"line":192,"column":1}}},"1":{"name":"(anonymous_15)","decl":{"start":{"line":21,"column":4},"end":{"line":21,"column":5}},"loc":{"start":{"line":21,"column":21},"end":{"line":21,"column":31}}},"2":{"name":"(anonymous_16)","decl":{"start":{"line":27,"column":12},"end":{"line":27,"column":null}},"loc":{"start":{"line":27,"column":12},"end":{"line":31,"column":3}}},"3":{"name":"(anonymous_17)","decl":{"start":{"line":32,"column":12},"end":{"line":32,"column":null}},"loc":{"start":{"line":32,"column":12},"end":{"line":45,"column":3}}},"4":{"name":"(anonymous_18)","decl":{"start":{"line":47,"column":23},"end":{"line":47,"column":30}},"loc":{"start":{"line":47,"column":41},"end":{"line":65,"column":4}}},"5":{"name":"(anonymous_19)","decl":{"start":{"line":47,"column":41},"end":{"line":47,"column":null}},"loc":{"start":{"line":47,"column":41},"end":{"line":65,"column":4}}},"6":{"name":"(anonymous_21)","decl":{"start":{"line":67,"column":27},"end":{"line":67,"column":28}},"loc":{"start":{"line":67,"column":42},"end":{"line":75,"column":3}}},"7":{"name":"(anonymous_22)","decl":{"start":{"line":102,"column":54},"end":{"line":102,"column":60}},"loc":{"start":{"line":102,"column":54},"end":{"line":102,"column":67}}},"8":{"name":"(anonymous_23)","decl":{"start":{"line":157,"column":24},"end":{"line":157,"column":25}},"loc":{"start":{"line":157,"column":30},"end":{"line":157,"column":39}}},"9":{"name":"(anonymous_24)","decl":{"start":{"line":158,"column":24},"end":{"line":158,"column":25}},"loc":{"start":{"line":158,"column":30},"end":{"line":158,"column":48}}},"10":{"name":"(anonymous_25)","decl":{"start":{"line":164,"column":25},"end":{"line":164,"column":26}},"loc":{"start":{"line":164,"column":36},"end":{"line":164,"column":null}}}},"branchMap":{"0":{"loc":{"start":{"line":28,"column":4},"end":{"line":30,"column":5}},"type":"if","locations":[{"start":{"line":28,"column":4},"end":{"line":30,"column":5}}]},"1":{"loc":{"start":{"line":33,"column":4},"end":{"line":44,"column":5}},"type":"if","locations":[{"start":{"line":33,"column":4},"end":{"line":44,"column":5}}]},"2":{"loc":{"start":{"line":33,"column":8},"end":{"line":33,"column":31}},"type":"binary-expr","locations":[{"start":{"line":33,"column":8},"end":{"line":33,"column":23}},{"start":{"line":33,"column":27},"end":{"line":33,"column":31}}]},"3":{"loc":{"start":{"line":43,"column":20},"end":{"line":43,"column":47}},"type":"binary-expr","locations":[{"start":{"line":43,"column":20},"end":{"line":43,"column":41}},{"start":{"line":43,"column":45},"end":{"line":43,"column":47}}]},"4":{"loc":{"start":{"line":49,"column":4},"end":{"line":54,"column":5}},"type":"if","locations":[{"start":{"line":49,"column":4},"end":{"line":54,"column":5}},{"start":{"line":51,"column":11},"end":{"line":54,"column":5}}]},"5":{"loc":{"start":{"line":51,"column":11},"end":{"line":54,"column":5}},"type":"if","locations":[{"start":{"line":51,"column":11},"end":{"line":54,"column":5}}]},"6":{"loc":{"start":{"line":51,"column":15},"end":{"line":51,"column":38}},"type":"binary-expr","locations":[{"start":{"line":51,"column":15},"end":{"line":51,"column":30}},{"start":{"line":51,"column":34},"end":{"line":51,"column":38}}]},"7":{"loc":{"start":{"line":58,"column":10},"end":{"line":58,"column":61}},"type":"cond-expr","locations":[{"start":{"line":58,"column":30},"end":{"line":58,"column":44}},{"start":{"line":58,"column":47},"end":{"line":58,"column":61}}]},"8":{"loc":{"start":{"line":106,"column":11},"end":{"line":106,"column":58}},"type":"cond-expr","locations":[{"start":{"line":106,"column":31},"end":{"line":106,"column":44}},{"start":{"line":106,"column":47},"end":{"line":106,"column":58}}]},"9":{"loc":{"start":{"line":161,"column":16},"end":{"line":161,"column":75}},"type":"cond-expr","locations":[{"start":{"line":161,"column":26},"end":{"line":161,"column":47}},{"start":{"line":161,"column":50},"end":{"line":161,"column":75}}]},"10":{"loc":{"start":{"line":161,"column":50},"end":{"line":161,"column":75}},"type":"binary-expr","locations":[{"start":{"line":161,"column":50},"end":{"line":161,"column":55}},{"start":{"line":161,"column":59},"end":{"line":161,"column":75}}]},"11":{"loc":{"start":{"line":183,"column":27},"end":{"line":183,"column":69}},"type":"cond-expr","locations":[{"start":{"line":183,"column":47},"end":{"line":183,"column":52}},{"start":{"line":183,"column":55},"end":{"line":183,"column":69}}]},"12":{"loc":{"start":{"line":185,"column":15},"end":{"line":185,"column":64}},"type":"cond-expr","locations":[{"start":{"line":185,"column":35},"end":{"line":185,"column":48}},{"start":{"line":185,"column":51},"end":{"line":185,"column":64}}]}},"s":{"0":1,"1":1,"2":1,"3":1,"4":1,"5":1,"6":1,"7":1,"8":1,"9":1,"10":1,"11":1,"12":1,"13":1,"14":3,"15":3,"16":3,"17":3,"18":3,"19":6,"20":3,"21":3,"22":3,"23":3,"24":3,"25":3,"26":3,"27":3,"28":3,"29":3,"30":3,"31":3,"32":0,"33":3,"34":3,"35":0,"36":0,"37":0,"38":3,"39":0,"40":0,"41":0,"42":0,"43":0,"44":0,"45":0,"46":0,"47":0,"48":0,"49":3,"50":1,"51":1,"52":3,"53":1,"54":0,"55":0,"56":3,"57":1},"f":{"0":3,"1":6,"2":3,"3":3,"4":0,"5":0,"6":1,"7":1,"8":0,"9":0,"10":3},"b":{"0":[0],"1":[0],"2":[3,0],"3":[0,0],"4":[0,0],"5":[0],"6":[0,0],"7":[0,0],"8":[3,0],"9":[0,3],"10":[3,3],"11":[3,0],"12":[3,0]}}
,"C:\\Users\\Himantha\\src\\taskflow-frontend\\taskflow-mfe-task-management\\src\\components\\TaskTable.tsx": {"path":"C:\\Users\\Himantha\\src\\taskflow-frontend\\taskflow-mfe-task-management\\src\\components\\TaskTable.tsx","statementMap":{"0":{"start":{"line":1,"column":0},"end":{"line":1,"column":51}},"1":{"start":{"line":2,"column":0},"end":{"line":2,"column":55}},"2":{"start":{"line":3,"column":0},"end":{"line":3,"column":null}},"3":{"start":{"line":8,"column":0},"end":{"line":8,"column":47}},"4":{"start":{"line":10,"column":0},"end":{"line":10,"column":76}},"5":{"start":{"line":12,"column":0},"end":{"line":12,"column":65}},"6":{"start":{"line":13,"column":0},"end":{"line":13,"column":40}},"7":{"start":{"line":16,"column":44},"end":{"line":231,"column":1}},"8":{"start":{"line":16,"column":54},"end":{"line":16,"column":56}},"9":{"start":{"line":16,"column":63},"end":{"line":16,"column":65}},"10":{"start":{"line":17,"column":19},"end":{"line":17,"column":45}},"11":{"start":{"line":18,"column":50},"end":{"line":19,"column":null}},"12":{"start":{"line":19,"column":26},"end":{"line":19,"column":null}},"13":{"start":{"line":18,"column":15},"end":{"line":18,"column":17}},"14":{"start":{"line":18,"column":24},"end":{"line":18,"column":26}},"15":{"start":{"line":18,"column":31},"end":{"line":18,"column":33}},"16":{"start":{"line":18,"column":45},"end":{"line":18,"column":50}},"17":{"start":{"line":22,"column":32},"end":{"line":28,"column":4}},"18":{"start":{"line":22,"column":16},"end":{"line":22,"column":18}},"19":{"start":{"line":22,"column":28},"end":{"line":22,"column":32}},"20":{"start":{"line":29,"column":44},"end":{"line":29,"column":73}},"21":{"start":{"line":29,"column":22},"end":{"line":29,"column":24}},"22":{"start":{"line":29,"column":40},"end":{"line":29,"column":44}},"23":{"start":{"line":31,"column":2},"end":{"line":33,"column":35}},"24":{"start":{"line":32,"column":4},"end":{"line":32,"column":42}},"25":{"start":{"line":35,"column":29},"end":{"line":40,"column":3}},"26":{"start":{"line":36,"column":4},"end":{"line":39,"column":8}},"27":{"start":{"line":36,"column":25},"end":{"line":39,"column":7}},"28":{"start":{"line":42,"column":27},"end":{"line":50,"column":3}},"29":{"start":{"line":46,"column":4},"end":{"line":49,"column":8}},"30":{"start":{"line":46,"column":25},"end":{"line":49,"column":7}},"31":{"start":{"line":52,"column":21},"end":{"line":55,"column":3}},"32":{"start":{"line":53,"column":4},"end":{"line":53,"column":20}},"33":{"start":{"line":54,"column":4},"end":{"line":54,"column":18}},"34":{"start":{"line":56,"column":23},"end":{"line":73,"column":4}},"35":{"start":{"line":56,"column":44},"end":{"line":73,"column":4}},"36":{"start":{"line":58,"column":6},"end":{"line":58,"column":41}},"37":{"start":{"line":59,"column":6},"end":{"line":64,"column":8}},"38":{"start":{"line":66,"column":6},"end":{"line":71,"column":8}},"39":{"start":{"line":75,"column":29},"end":{"line":99,"column":4}},"40":{"start":{"line":75,"column":50},"end":{"line":99,"column":4}},"41":{"start":{"line":76,"column":4},"end":{"line":76,"column":29}},"42":{"start":{"line":77,"column":10},"end":{"line":79,"column":6}},"43":{"start":{"line":78,"column":6},"end":{"line":78,"column":null}},"44":{"start":{"line":80,"column":4},"end":{"line":80,"column":64}},"45":{"start":{"line":82,"column":6},"end":{"line":82,"column":56}},"46":{"start":{"line":83,"column":6},"end":{"line":88,"column":8}},"47":{"start":{"line":90,"column":6},"end":{"line":95,"column":8}},"48":{"start":{"line":97,"column":6},"end":{"line":97,"column":29}},"49":{"start":{"line":101,"column":38},"end":{"line":166,"column":4}},"50":{"start":{"line":117,"column":32},"end":{"line":117,"column":null}},"51":{"start":{"line":124,"column":32},"end":{"line":124,"column":null}},"52":{"start":{"line":133,"column":51},"end":{"line":139,"column":null}},"53":{"start":{"line":136,"column":26},"end":{"line":136,"column":null}},"54":{"start":{"line":144,"column":42},"end":{"line":164,"column":null}},"55":{"start":{"line":149,"column":27},"end":{"line":149,"column":null}},"56":{"start":{"line":154,"column":29},"end":{"line":154,"column":null}},"57":{"start":{"line":167,"column":2},"end":{"line":230,"column":4}},"58":{"start":{"line":172,"column":25},"end":{"line":172,"column":null}},"59":{"start":{"line":181,"column":27},"end":{"line":181,"column":null}},"60":{"start":{"line":189,"column":30},"end":{"line":189,"column":null}},"61":{"start":{"line":195,"column":30},"end":{"line":195,"column":null}},"62":{"start":{"line":201,"column":12},"end":{"line":201,"column":null}},"63":{"start":{"line":218,"column":12},"end":{"line":218,"column":50}},"64":{"start":{"line":222,"column":41},"end":{"line":224,"column":null}},"65":{"start":{"line":233,"column":0},"end":{"line":233,"column":25}}},"fnMap":{"0":{"name":"(anonymous_16)","decl":{"start":{"line":16,"column":44},"end":{"line":16,"column":45}},"loc":{"start":{"line":16,"column":65},"end":{"line":231,"column":1}}},"1":{"name":"(anonymous_17)","decl":{"start":{"line":19,"column":4},"end":{"line":19,"column":5}},"loc":{"start":{"line":19,"column":21},"end":{"line":19,"column":31}}},"2":{"name":"(anonymous_18)","decl":{"start":{"line":31,"column":12},"end":{"line":31,"column":null}},"loc":{"start":{"line":31,"column":12},"end":{"line":33,"column":3}}},"3":{"name":"(anonymous_19)","decl":{"start":{"line":35,"column":29},"end":{"line":35,"column":30}},"loc":{"start":{"line":35,"column":53},"end":{"line":40,"column":3}}},"4":{"name":"(anonymous_20)","decl":{"start":{"line":36,"column":15},"end":{"line":36,"column":16}},"loc":{"start":{"line":36,"column":20},"end":{"line":36,"column":null}}},"5":{"name":"(anonymous_21)","decl":{"start":{"line":42,"column":27},"end":{"line":42,"column":null}},"loc":{"start":{"line":44,"column":23},"end":{"line":50,"column":3}}},"6":{"name":"(anonymous_22)","decl":{"start":{"line":46,"column":15},"end":{"line":46,"column":16}},"loc":{"start":{"line":46,"column":20},"end":{"line":46,"column":null}}},"7":{"name":"(anonymous_23)","decl":{"start":{"line":52,"column":21},"end":{"line":52,"column":22}},"loc":{"start":{"line":52,"column":32},"end":{"line":55,"column":3}}},"8":{"name":"(anonymous_24)","decl":{"start":{"line":56,"column":23},"end":{"line":56,"column":30}},"loc":{"start":{"line":56,"column":44},"end":{"line":73,"column":4}}},"9":{"name":"(anonymous_25)","decl":{"start":{"line":56,"column":44},"end":{"line":56,"column":null}},"loc":{"start":{"line":56,"column":44},"end":{"line":73,"column":4}}},"10":{"name":"(anonymous_27)","decl":{"start":{"line":75,"column":29},"end":{"line":75,"column":36}},"loc":{"start":{"line":75,"column":50},"end":{"line":99,"column":4}}},"11":{"name":"(anonymous_28)","decl":{"start":{"line":75,"column":50},"end":{"line":75,"column":null}},"loc":{"start":{"line":75,"column":50},"end":{"line":99,"column":4}}},"12":{"name":"(anonymous_30)","decl":{"start":{"line":77,"column":35},"end":{"line":77,"column":36}},"loc":{"start":{"line":77,"column":45},"end":{"line":78,"column":10}}},"13":{"name":"(anonymous_31)","decl":{"start":{"line":117,"column":14},"end":{"line":117,"column":15}},"loc":{"start":{"line":117,"column":27},"end":{"line":117,"column":38}}},"14":{"name":"(anonymous_32)","decl":{"start":{"line":124,"column":14},"end":{"line":124,"column":15}},"loc":{"start":{"line":124,"column":27},"end":{"line":124,"column":38}}},"15":{"name":"(anonymous_33)","decl":{"start":{"line":133,"column":14},"end":{"line":133,"column":15}},"loc":{"start":{"line":133,"column":46},"end":{"line":133,"column":null}}},"16":{"name":"(anonymous_34)","decl":{"start":{"line":136,"column":20},"end":{"line":136,"column":26}},"loc":{"start":{"line":136,"column":20},"end":{"line":136,"column":44}}},"17":{"name":"(anonymous_35)","decl":{"start":{"line":144,"column":14},"end":{"line":144,"column":15}},"loc":{"start":{"line":144,"column":37},"end":{"line":144,"column":null}}},"18":{"name":"(anonymous_36)","decl":{"start":{"line":149,"column":21},"end":{"line":149,"column":27}},"loc":{"start":{"line":149,"column":21},"end":{"line":149,"column":37}}},"19":{"name":"(anonymous_37)","decl":{"start":{"line":154,"column":23},"end":{"line":154,"column":29}},"loc":{"start":{"line":154,"column":23},"end":{"line":154,"column":41}}},"20":{"name":"(anonymous_38)","decl":{"start":{"line":172,"column":19},"end":{"line":172,"column":25}},"loc":{"start":{"line":172,"column":19},"end":{"line":172,"column":32}}},"21":{"name":"(anonymous_39)","decl":{"start":{"line":181,"column":20},"end":{"line":181,"column":21}},"loc":{"start":{"line":181,"column":22},"end":{"line":181,"column":45}}},"22":{"name":"(anonymous_40)","decl":{"start":{"line":189,"column":20},"end":{"line":189,"column":21}},"loc":{"start":{"line":189,"column":25},"end":{"line":189,"column":46}}},"23":{"name":"(anonymous_41)","decl":{"start":{"line":195,"column":20},"end":{"line":195,"column":21}},"loc":{"start":{"line":195,"column":25},"end":{"line":195,"column":46}}},"24":{"name":"(anonymous_42)","decl":{"start":{"line":200,"column":20},"end":{"line":200,"column":21}},"loc":{"start":{"line":200,"column":28},"end":{"line":201,"column":30}}},"25":{"name":"(anonymous_43)","decl":{"start":{"line":217,"column":20},"end":{"line":217,"column":null}},"loc":{"start":{"line":217,"column":20},"end":{"line":219,"column":11}}},"26":{"name":"(anonymous_44)","decl":{"start":{"line":222,"column":29},"end":{"line":222,"column":30}},"loc":{"start":{"line":222,"column":36},"end":{"line":222,"column":null}}}},"branchMap":{"0":{"loc":{"start":{"line":48,"column":13},"end":{"line":48,"column":57}},"type":"cond-expr","locations":[{"start":{"line":48,"column":20},"end":{"line":48,"column":45}},{"start":{"line":48,"column":48},"end":{"line":48,"column":57}}]},"1":{"loc":{"start":{"line":78,"column":6},"end":{"line":78,"column":74}},"type":"cond-expr","locations":[{"start":{"line":78,"column":27},"end":{"line":78,"column":68}},{"start":{"line":78,"column":70},"end":{"line":78,"column":74}}]},"2":{"loc":{"start":{"line":188,"column":17},"end":{"line":188,"column":69}},"type":"cond-expr","locations":[{"start":{"line":188,"column":37},"end":{"line":188,"column":62}},{"start":{"line":188,"column":65},"end":{"line":188,"column":69}}]},"3":{"loc":{"start":{"line":194,"column":17},"end":{"line":194,"column":65}},"type":"cond-expr","locations":[{"start":{"line":194,"column":35},"end":{"line":194,"column":58}},{"start":{"line":194,"column":61},"end":{"line":194,"column":65}}]},"4":{"loc":{"start":{"line":201,"column":41},"end":{"line":201,"column":77}},"type":"cond-expr","locations":[{"start":{"line":201,"column":51},"end":{"line":201,"column":62}},{"start":{"line":201,"column":65},"end":{"line":201,"column":77}}]},"5":{"loc":{"start":{"line":228,"column":7},"end":{"line":228,"column":59}},"type":"binary-expr","locations":[{"start":{"line":228,"column":7},"end":{"line":228,"column":12}},{"start":{"line":228,"column":16},"end":{"line":228,"column":59}}]}},"s":{"0":1,"1":1,"2":1,"3":1,"4":1,"5":1,"6":1,"7":1,"8":3,"9":3,"10":3,"11":3,"12":6,"13":3,"14":3,"15":3,"16":3,"17":3,"18":3,"19":3,"20":3,"21":3,"22":3,"23":3,"24":3,"25":3,"26":0,"27":0,"28":3,"29":0,"30":0,"31":3,"32":1,"33":1,"34":3,"35":1,"36":2,"37":1,"38":0,"39":3,"40":0,"41":0,"42":0,"43":0,"44":0,"45":0,"46":0,"47":0,"48":0,"49":3,"50":3,"51":3,"52":3,"53":0,"54":3,"55":1,"56":1,"57":3,"58":0,"59":0,"60":0,"61":0,"62":0,"63":0,"64":0,"65":1},"f":{"0":3,"1":6,"2":3,"3":0,"4":0,"5":0,"6":0,"7":1,"8":1,"9":1,"10":0,"11":0,"12":0,"13":3,"14":3,"15":3,"16":0,"17":3,"18":1,"19":1,"20":0,"21":0,"22":0,"23":0,"24":0,"25":0,"26":0},"b":{"0":[0,0],"1":[0,0],"2":[0,3],"3":[0,3],"4":[0,0],"5":[3,0]}}
,"C:\\Users\\Himantha\\src\\taskflow-frontend\\taskflow-mfe-task-management\\src\\modules\\TaskModule.tsx": {"path":"C:\\Users\\Himantha\\src\\taskflow-frontend\\taskflow-mfe-task-management\\src\\modules\\TaskModule.tsx","statementMap":{"0":{"start":{"line":1,"column":0},"end":{"line":1,"column":40}},"1":{"start":{"line":2,"column":0},"end":{"line":2,"column":35}},"2":{"start":{"line":3,"column":0},"end":{"line":3,"column":48}},"3":{"start":{"line":4,"column":0},"end":{"line":4,"column":58}},"4":{"start":{"line":5,"column":0},"end":{"line":5,"column":46}},"5":{"start":{"line":9,"column":27},"end":{"line":31,"column":1}},"6":{"start":{"line":10,"column":19},"end":{"line":10,"column":29}},"7":{"start":{"line":11,"column":26},"end":{"line":11,"column":48}},"8":{"start":{"line":11,"column":13},"end":{"line":11,"column":15}},"9":{"start":{"line":11,"column":22},"end":{"line":11,"column":26}},"10":{"start":{"line":12,"column":26},"end":{"line":12,"column":42}},"11":{"start":{"line":12,"column":13},"end":{"line":12,"column":15}},"12":{"start":{"line":12,"column":22},"end":{"line":12,"column":26}},"13":{"start":{"line":14,"column":2},"end":{"line":30,"column":4}},"14":{"start":{"line":33,"column":0},"end":{"line":33,"column":24}}},"fnMap":{"0":{"name":"(anonymous_1)","decl":{"start":{"line":9,"column":27},"end":{"line":9,"column":null}},"loc":{"start":{"line":9,"column":27},"end":{"line":31,"column":1}}}},"branchMap":{"0":{"loc":{"start":{"line":16,"column":7},"end":{"line":27,"column":null}},"type":"cond-expr","locations":[{"start":{"line":17,"column":8},"end":{"line":24,"column":null}},{"start":{"line":27,"column":8},"end":{"line":27,"column":26}}]},"1":{"loc":{"start":{"line":18,"column":11},"end":{"line":18,"column":79}},"type":"binary-expr","locations":[{"start":{"line":18,"column":11},"end":{"line":18,"column":26}},{"start":{"line":18,"column":30},"end":{"line":18,"column":79}}]},"2":{"loc":{"start":{"line":19,"column":11},"end":{"line":20,"column":null}},"type":"binary-expr","locations":[{"start":{"line":19,"column":11},"end":{"line":19,"column":26}},{"start":{"line":20,"column":12},"end":{"line":20,"column":66}}]},"3":{"loc":{"start":{"line":22,"column":11},"end":{"line":23,"column":null}},"type":"binary-expr","locations":[{"start":{"line":22,"column":11},"end":{"line":22,"column":28}},{"start":{"line":23,"column":12},"end":{"line":23,"column":66}}]}},"s":{"0":1,"1":1,"2":1,"3":1,"4":1,"5":1,"6":9,"7":9,"8":9,"9":9,"10":9,"11":9,"12":9,"13":9,"14":1},"f":{"0":9},"b":{"0":[8,1],"1":[8,5],"2":[8,1],"3":[8,2]}}
}
