TN:
SF:src\components\TaskForm.tsx
FN:18,(anonymous_14)
FN:21,(anonymous_15)
FN:27,(anonymous_16)
FN:32,(anonymous_17)
FN:47,(anonymous_18)
FN:47,(anonymous_19)
FN:67,(anonymous_21)
FN:102,(anonymous_22)
FN:157,(anonymous_23)
FN:158,(anonymous_24)
FN:164,(anonymous_25)
FNF:11
FNH:7
FNDA:3,(anonymous_14)
FNDA:6,(anonymous_15)
FNDA:3,(anonymous_16)
FNDA:3,(anonymous_17)
FNDA:0,(anonymous_18)
FNDA:0,(anonymous_19)
FNDA:1,(anonymous_21)
FNDA:1,(anonymous_22)
FNDA:0,(anonymous_23)
FNDA:0,(anonymous_24)
FNDA:3,(anonymous_25)
DA:1,1
DA:2,1
DA:4,1
DA:5,1
DA:6,1
DA:7,1
DA:8,1
DA:11,1
DA:12,1
DA:13,1
DA:14,1
DA:15,1
DA:16,1
DA:18,3
DA:19,3
DA:20,3
DA:21,6
DA:23,3
DA:24,3
DA:25,3
DA:27,3
DA:28,3
DA:29,0
DA:32,3
DA:33,3
DA:34,0
DA:42,0
DA:43,0
DA:47,3
DA:48,0
DA:49,0
DA:50,0
DA:51,0
DA:52,0
DA:53,0
DA:55,0
DA:63,0
DA:64,0
DA:67,3
DA:68,1
DA:69,1
DA:77,3
DA:102,1
DA:157,0
DA:158,0
DA:164,3
DA:194,1
LF:47
LH:32
BRDA:28,0,0,0
BRDA:33,1,0,0
BRDA:33,2,0,3
BRDA:33,2,1,0
BRDA:43,3,0,0
BRDA:43,3,1,0
BRDA:49,4,0,0
BRDA:49,4,1,0
BRDA:51,5,0,0
BRDA:51,6,0,0
BRDA:51,6,1,0
BRDA:58,7,0,0
BRDA:58,7,1,0
BRDA:106,8,0,3
BRDA:106,8,1,0
BRDA:161,9,0,0
BRDA:161,9,1,3
BRDA:161,10,0,3
BRDA:161,10,1,3
BRDA:183,11,0,3
BRDA:183,11,1,0
BRDA:185,12,0,3
BRDA:185,12,1,0
BRF:23
BRH:7
end_of_record
TN:
SF:src\components\TaskTable.tsx
FN:16,(anonymous_16)
FN:19,(anonymous_17)
FN:31,(anonymous_18)
FN:35,(anonymous_19)
FN:36,(anonymous_20)
FN:42,(anonymous_21)
FN:46,(anonymous_22)
FN:52,(anonymous_23)
FN:56,(anonymous_24)
FN:56,(anonymous_25)
FN:75,(anonymous_27)
FN:75,(anonymous_28)
FN:77,(anonymous_30)
FN:117,(anonymous_31)
FN:124,(anonymous_32)
FN:133,(anonymous_33)
FN:136,(anonymous_34)
FN:144,(anonymous_35)
FN:149,(anonymous_36)
FN:154,(anonymous_37)
FN:172,(anonymous_38)
FN:181,(anonymous_39)
FN:189,(anonymous_40)
FN:195,(anonymous_41)
FN:200,(anonymous_42)
FN:217,(anonymous_43)
FN:222,(anonymous_44)
FNF:27
FNH:12
FNDA:3,(anonymous_16)
FNDA:6,(anonymous_17)
FNDA:3,(anonymous_18)
FNDA:0,(anonymous_19)
FNDA:0,(anonymous_20)
FNDA:0,(anonymous_21)
FNDA:0,(anonymous_22)
FNDA:1,(anonymous_23)
FNDA:1,(anonymous_24)
FNDA:1,(anonymous_25)
FNDA:0,(anonymous_27)
FNDA:0,(anonymous_28)
FNDA:0,(anonymous_30)
FNDA:3,(anonymous_31)
FNDA:3,(anonymous_32)
FNDA:3,(anonymous_33)
FNDA:0,(anonymous_34)
FNDA:3,(anonymous_35)
FNDA:1,(anonymous_36)
FNDA:1,(anonymous_37)
FNDA:0,(anonymous_38)
FNDA:0,(anonymous_39)
FNDA:0,(anonymous_40)
FNDA:0,(anonymous_41)
FNDA:0,(anonymous_42)
FNDA:0,(anonymous_43)
FNDA:0,(anonymous_44)
DA:1,1
DA:2,1
DA:3,1
DA:8,1
DA:10,1
DA:12,1
DA:13,1
DA:16,3
DA:17,3
DA:18,3
DA:19,6
DA:22,3
DA:29,3
DA:31,3
DA:32,3
DA:35,3
DA:36,0
DA:42,3
DA:46,0
DA:52,3
DA:53,1
DA:54,1
DA:56,3
DA:58,2
DA:59,1
DA:66,0
DA:75,3
DA:76,0
DA:77,0
DA:78,0
DA:80,0
DA:82,0
DA:83,0
DA:90,0
DA:97,0
DA:101,3
DA:117,3
DA:124,3
DA:133,3
DA:136,0
DA:144,3
DA:149,1
DA:154,1
DA:167,3
DA:172,0
DA:181,0
DA:189,0
DA:195,0
DA:201,0
DA:218,0
DA:222,0
DA:233,1
LF:52
LH:33
BRDA:48,0,0,0
BRDA:48,0,1,0
BRDA:78,1,0,0
BRDA:78,1,1,0
BRDA:188,2,0,0
BRDA:188,2,1,3
BRDA:194,3,0,0
BRDA:194,3,1,3
BRDA:201,4,0,0
BRDA:201,4,1,0
BRDA:228,5,0,3
BRDA:228,5,1,0
BRF:12
BRH:3
end_of_record
TN:
SF:src\modules\TaskModule.tsx
FN:9,(anonymous_1)
FNF:1
FNH:1
FNDA:9,(anonymous_1)
DA:1,1
DA:2,1
DA:3,1
DA:4,1
DA:5,1
DA:9,1
DA:10,9
DA:11,9
DA:12,9
DA:14,9
DA:33,1
LF:11
LH:11
BRDA:16,0,0,8
BRDA:16,0,1,1
BRDA:18,1,0,8
BRDA:18,1,1,5
BRDA:19,2,0,8
BRDA:19,2,1,1
BRDA:22,3,0,8
BRDA:22,3,1,2
BRF:8
BRH:8
end_of_record
